mode: atomic
github.com/dewidyabagus/rtypes/rtypes.go:9.101,10.15 1 5
github.com/dewidyabagus/rtypes/rtypes.go:20.2,21.17 2 5
github.com/dewidyabagus/rtypes/rtypes.go:25.2,28.38 3 4
github.com/dewidyabagus/rtypes/rtypes.go:33.2,33.45 1 4
github.com/dewidyabagus/rtypes/rtypes.go:51.2,51.22 1 2
github.com/dewidyabagus/rtypes/rtypes.go:10.15,11.31 1 5
github.com/dewidyabagus/rtypes/rtypes.go:11.31,12.67 1 2
github.com/dewidyabagus/rtypes/rtypes.go:12.67,14.5 1 2
github.com/dewidyabagus/rtypes/rtypes.go:14.10,16.5 1 0
github.com/dewidyabagus/rtypes/rtypes.go:21.17,23.3 1 1
github.com/dewidyabagus/rtypes/rtypes.go:28.38,31.3 2 3
github.com/dewidyabagus/rtypes/rtypes.go:33.45,36.30 2 10
github.com/dewidyabagus/rtypes/rtypes.go:36.30,39.107 2 8
github.com/dewidyabagus/rtypes/rtypes.go:39.107,41.19 2 1
github.com/dewidyabagus/rtypes/rtypes.go:41.19,43.6 1 0
github.com/dewidyabagus/rtypes/rtypes.go:45.10,47.5 1 7
